<?xml version="1.0" encoding="UTF-8"?>
<testng-results skipped="0" failed="1" ignored="0" total="3" passed="2">
  <reporter-output>
  </reporter-output>
  <suite name="Default suite" duration-ms="22748" started-at="2020-05-26T14:27:55Z" finished-at="2020-05-26T14:28:18Z">
    <groups>
    </groups>
    <test name="Default test" duration-ms="22748" started-at="2020-05-26T14:27:55Z" finished-at="2020-05-26T14:28:18Z">
      <class name="com.qa.hubspot.tests.HomePageTest">
        <test-method status="PASS" signature="setup()[pri:0, instance:com.qa.hubspot.tests.HomePageTest@66a3ffec]" name="setup" is-config="true" duration-ms="16009" started-at="2020-05-26T14:27:55Z" finished-at="2020-05-26T14:28:11Z">
          <reporter-output>
          </reporter-output>
        </test-method> <!-- setup -->
        <test-method status="PASS" signature="verifyhomePageHeaderText()[pri:1, instance:com.qa.hubspot.tests.HomePageTest@66a3ffec]" name="verifyhomePageHeaderText" duration-ms="5433" started-at="2020-05-26T14:28:11Z" finished-at="2020-05-26T14:28:17Z">
          <reporter-output>
          </reporter-output>
        </test-method> <!-- verifyhomePageHeaderText -->
        <test-method status="FAIL" signature="verifyLoggedInUser()[pri:2, instance:com.qa.hubspot.tests.HomePageTest@66a3ffec]" name="verifyLoggedInUser" duration-ms="372" started-at="2020-05-26T14:28:17Z" finished-at="2020-05-26T14:28:17Z">
          <exception class="java.lang.AssertionError">
            <message>
              <![CDATA[loggedinuser is not matched expected [naveenautomationlabs] but found [null]]]>
            </message>
            <full-stacktrace>
              <![CDATA[java.lang.AssertionError: loggedinuser is not matched expected [naveenautomationlabs] but found [null]
at org.testng.Assert.fail(Assert.java:96)
at org.testng.Assert.failNotEquals(Assert.java:776)
at org.testng.Assert.assertEqualsImpl(Assert.java:132)
at org.testng.Assert.assertEquals(Assert.java:118)
at org.testng.Assert.assertEquals(Assert.java:453)
at com.qa.hubspot.tests.HomePageTest.verifyLoggedInUser(HomePageTest.java:52)
at sun.reflect.NativeMethodAccessorImpl.invoke0(Native Method)
at sun.reflect.NativeMethodAccessorImpl.invoke(Unknown Source)
at sun.reflect.DelegatingMethodAccessorImpl.invoke(Unknown Source)
at java.lang.reflect.Method.invoke(Unknown Source)
at org.testng.internal.MethodInvocationHelper.invokeMethod(MethodInvocationHelper.java:124)
at org.testng.internal.Invoker.invokeMethod(Invoker.java:583)
at org.testng.internal.Invoker.invokeTestMethod(Invoker.java:719)
at org.testng.internal.Invoker.invokeTestMethods(Invoker.java:989)
at org.testng.internal.TestMethodWorker.invokeTestMethods(TestMethodWorker.java:125)
at org.testng.internal.TestMethodWorker.run(TestMethodWorker.java:109)
at org.testng.TestRunner.privateRun(TestRunner.java:648)
at org.testng.TestRunner.run(TestRunner.java:505)
at org.testng.SuiteRunner.runTest(SuiteRunner.java:455)
at org.testng.SuiteRunner.runSequentially(SuiteRunner.java:450)
at org.testng.SuiteRunner.privateRun(SuiteRunner.java:415)
at org.testng.SuiteRunner.run(SuiteRunner.java:364)
at org.testng.SuiteRunnerWorker.runSuite(SuiteRunnerWorker.java:52)
at org.testng.SuiteRunnerWorker.run(SuiteRunnerWorker.java:84)
at org.testng.TestNG.runSuitesSequentially(TestNG.java:1208)
at org.testng.TestNG.runSuitesLocally(TestNG.java:1137)
at org.testng.TestNG.runSuites(TestNG.java:1049)
at org.testng.TestNG.run(TestNG.java:1017)
at org.testng.remote.AbstractRemoteTestNG.run(AbstractRemoteTestNG.java:115)
at org.testng.remote.RemoteTestNG.initAndRun(RemoteTestNG.java:251)
at org.testng.remote.RemoteTestNG.main(RemoteTestNG.java:77)
]]>
            </full-stacktrace>
          </exception> <!-- java.lang.AssertionError -->
          <reporter-output>
          </reporter-output>
        </test-method> <!-- verifyLoggedInUser -->
        <test-method status="PASS" signature="verifyHomePageTitle()[pri:3, instance:com.qa.hubspot.tests.HomePageTest@66a3ffec]" name="verifyHomePageTitle" duration-ms="19" started-at="2020-05-26T14:28:17Z" finished-at="2020-05-26T14:28:17Z">
          <reporter-output>
          </reporter-output>
        </test-method> <!-- verifyHomePageTitle -->
        <test-method status="PASS" signature="tearDown()[pri:0, instance:com.qa.hubspot.tests.HomePageTest@66a3ffec]" name="tearDown" is-config="true" duration-ms="851" started-at="2020-05-26T14:28:17Z" finished-at="2020-05-26T14:28:18Z">
          <reporter-output>
          </reporter-output>
        </test-method> <!-- tearDown -->
      </class> <!-- com.qa.hubspot.tests.HomePageTest -->
    </test> <!-- Default test -->
  </suite> <!-- Default suite -->
</testng-results>
